2022-04-11 14:12:21.1895--Trace 【Suretom.Client.Common.ServiceBase.TraceRequest】 【Suretom.Client.Service.LoginService】--> {"Token":""} 
2022-04-11 14:13:06.9967--Trace 【Suretom.Client.Common.ServiceBase.TraceRequest】 【Suretom.Client.Service.LoginService】--> {"Token":""} 
2022-04-11 14:13:28.5309--Trace 【Suretom.Client.Common.ServiceBase.TraceRequest】 【Suretom.Client.Service.LoginService】--> {"Token":""} 
2022-04-11 14:14:30.3491--Trace 【Suretom.Client.Common.ServiceBase.TraceRequest】 【Suretom.Client.Service.LoginService】--> {"Token":""} 
2022-04-11 14:35:58.6848--Trace 【Suretom.Client.Common.ServiceBase.TraceRequest】 【Suretom.Client.Service.LoginService】--> {"Token":""} 
2022-04-11 14:36:37.9606--Trace 【Suretom.Client.Common.ServiceBase.TraceRequest】 【Suretom.Client.Service.LoginService】--> {"Token":""} 
2022-04-11 14:44:21.9585--Trace 【Suretom.Client.Common.ServiceBase.TraceRequest】 【Suretom.Client.Service.LoginService】--> {"Token":""} 
2022-04-11 14:45:26.5681--Trace 【Suretom.Client.Common.ServiceBase.TraceRequest】 【Suretom.Client.Service.LoginService】--> {"Token":""} 
2022-04-11 14:45:45.1192--Trace 【Suretom.Client.Common.ServiceBase.TraceRequest】 【Suretom.Client.Service.LoginService】--> {"Token":""} 
2022-04-11 14:46:44.4992--Trace 【Suretom.Client.Common.ServiceBase.TraceRequest】 【Suretom.Client.Service.LoginService】--> {"Token":""} 
2022-04-11 14:47:01.3585--Trace 【Suretom.Client.Common.ServiceBase.TraceRequest】 【Suretom.Client.Service.LoginService】--> {"Token":""} 
2022-04-11 14:52:19.0445--Trace 【Suretom.Client.Common.ServiceBase.TraceRequest】 【Suretom.Client.Service.LoginService】--> {"Token":""} 
2022-04-11 14:53:45.7100--Trace 【Suretom.Client.Common.ServiceBase.TraceRequest】 【Suretom.Client.Service.LoginService】--> {"Token":""} 
2022-04-11 14:57:18.5306--Trace 【Suretom.Client.Common.ServiceBase.TraceRequest】 【Suretom.Client.Service.LoginService】--> {"Token":""} 
2022-04-11 14:58:00.3949--Trace 【Suretom.Client.Common.ServiceBase.TraceRequest】 【Suretom.Client.Service.LoginService】--> {"userCode":"user","userPass":"123456","verifycode":"ks3zo","Token":""} 
2022-04-11 14:58:42.4098--Trace 【Suretom.Client.Common.ServiceBase.TraceResponse】 【Suretom.Client.Service.LoginService】<-- Success:False  Message:参数 <userCode,userPwd,verifycode,> 不能为空  Data: 
2022-04-11 15:03:07.3657--Trace 【Suretom.Client.Common.ServiceBase.TraceRequest】 【Suretom.Client.Service.LoginService】--> {"Token":""} 
2022-04-11 15:04:06.8555--Trace 【Suretom.Client.Common.ServiceBase.TraceRequest】 【Suretom.Client.Service.LoginService】--> {"Token":""} 
2022-04-11 15:05:16.9158--Trace 【Suretom.Client.Common.ServiceBase.TraceRequest】 【Suretom.Client.Service.LoginService】--> {"Token":""} 
2022-04-11 15:07:31.1713--Trace 【Suretom.Client.Common.ServiceBase.TraceRequest】 【Suretom.Client.Service.LoginService】--> {"userCode":"user","userPass":"123456","verifycode":"ckb1a","Token":""} 
2022-04-11 15:09:37.8439--Trace 【Suretom.Client.Common.ServiceBase.TraceResponse】 【Suretom.Client.Service.LoginService】<-- Success:False  Message:参数 <userCode,userPwd,verifycode,> 不能为空  Data: 
2022-04-11 15:10:39.5434--Trace 【Suretom.Client.Common.ServiceBase.TraceRequest】 【Suretom.Client.Service.LoginService】--> {"userCode":"user","userPass":"123456","verifycode":"ckb1a","Token":""} 
2022-04-11 15:12:26.0397--Trace 【Suretom.Client.Common.ServiceBase.TraceRequest】 【Suretom.Client.Service.LoginService】--> {"Token":""} 
2022-04-11 15:13:00.1439--Trace 【Suretom.Client.Common.ServiceBase.TraceRequest】 【Suretom.Client.Service.LoginService】--> {"userCode":"1","userPass":"2","verifycode":"3","Token":""} 
2022-04-11 15:20:51.2682--Trace 【Suretom.Client.Common.ServiceBase.TraceRequest】 【Suretom.Client.Service.LoginService】--> {"Token":""} 
2022-04-11 15:20:59.9845--Trace 【Suretom.Client.Common.ServiceBase.TraceRequest】 【Suretom.Client.Service.LoginService】--> {"userCode":"1","userPass":"1","verifycode":"1","Token":""} 
2022-04-11 15:21:00.0174--Trace 【Suretom.Client.Common.ServiceBase.TraceResponse】 【Suretom.Client.Service.LoginService】<-- Success:False  Message:参数 <userCode,userPwd,verifycode,> 不能为空  Data: 
2022-04-11 15:21:20.5666--Trace 【Suretom.Client.Common.ServiceBase.TraceRequest】 【Suretom.Client.Service.LoginService】--> {"userCode":"1","userPass":"1","verifycode":"1","Token":""} 
2022-04-11 15:21:28.7083--Trace 【Suretom.Client.Common.ServiceBase.TraceResponse】 【Suretom.Client.Service.LoginService】<-- Success:False  Message:无法连接到远程服务器  Data: 
2022-04-11 15:21:37.4642--Trace 【Suretom.Client.Common.ServiceBase.TraceRequest】 【Suretom.Client.Service.LoginService】--> {"userCode":"1","userPass":"1","verifycode":"1","Token":""} 
2022-04-11 15:24:57.5417--Trace 【Suretom.Client.Common.ServiceBase.TraceResponse】 【Suretom.Client.Service.LoginService】<-- Success:False  Message:操作超时  Data: 
2022-04-11 15:28:04.6545--Trace 【Suretom.Client.Common.ServiceBase.TraceRequest】 【Suretom.Client.Service.LoginService】--> {"userCode":"1","userPass":"1","verifycode":"1","Token":""} 
2022-04-11 15:28:19.8879--Trace 【Suretom.Client.Common.ServiceBase.TraceResponse】 【Suretom.Client.Service.LoginService】<-- Success:False  Message:远程服务器返回错误: (500) 内部服务器错误。  Data: 
2022-04-11 15:28:24.2047--Trace 【Suretom.Client.Common.ServiceBase.TraceRequest】 【Suretom.Client.Service.LoginService】--> {"userCode":"1","userPass":"1","verifycode":"1","Token":""} 
2022-04-11 15:28:32.0982--Trace 【Suretom.Client.Common.ServiceBase.TraceResponse】 【Suretom.Client.Service.LoginService】<-- Success:False  Message:远程服务器返回错误: (500) 内部服务器错误。  Data: 
2022-04-11 15:28:38.2499--Trace 【Suretom.Client.Common.ServiceBase.TraceRequest】 【Suretom.Client.Service.LoginService】--> {"userCode":"1","userPass":"1","verifycode":"1","Token":""} 
2022-04-11 15:28:51.5289--Trace 【Suretom.Client.Common.ServiceBase.TraceRequest】 【Suretom.Client.Service.LoginService】--> {"Token":""} 
2022-04-11 15:29:01.6559--Trace 【Suretom.Client.Common.ServiceBase.TraceRequest】 【Suretom.Client.Service.LoginService】--> {"userCode":"1","userPass":"1","verifycode":"1","Token":""} 
2022-04-11 15:29:08.6313--Trace 【Suretom.Client.Common.ServiceBase.TraceResponse】 【Suretom.Client.Service.LoginService】<-- Success:False  Message:基础连接已经关闭: 服务器关闭了本应保持活动状态的连接。  Data: 
2022-04-11 15:29:23.6505--Trace 【Suretom.Client.Common.ServiceBase.TraceRequest】 【Suretom.Client.Service.LoginService】--> {"userCode":"1","userPass":"1","verifycode":"1","Token":""} 
2022-04-11 15:29:56.3127--Trace 【Suretom.Client.Common.ServiceBase.TraceRequest】 【Suretom.Client.Service.LoginService】--> {"Token":""} 
2022-04-11 15:30:58.3352--Trace 【Suretom.Client.Common.ServiceBase.TraceRequest】 【Suretom.Client.Service.LoginService】--> {"Token":""} 
2022-04-11 15:31:10.6601--Trace 【Suretom.Client.Common.ServiceBase.TraceRequest】 【Suretom.Client.Service.LoginService】--> {"userCode":"1","userPass":"1","verifycode":"1","Token":""} 
2022-04-11 15:32:40.8844--Trace 【Suretom.Client.Common.ServiceBase.TraceRequest】 【Suretom.Client.Service.LoginService】--> {"Token":""} 
2022-04-11 15:33:02.2077--Trace 【Suretom.Client.Common.ServiceBase.TraceRequest】 【Suretom.Client.Service.LoginService】--> {"userCode":"1","userPass":"1","verifycode":"1","Token":""} 
2022-04-11 15:33:17.1708--Trace 【Suretom.Client.Common.ServiceBase.TraceResponse】 【Suretom.Client.Service.LoginService】<-- Success:False  Message:基础连接已经关闭: 服务器关闭了本应保持活动状态的连接。  Data: 
2022-04-11 15:34:09.2391--Trace 【Suretom.Client.Common.ServiceBase.TraceRequest】 【Suretom.Client.Service.LoginService】--> {"Token":""} 
2022-04-11 15:35:02.2227--Trace 【Suretom.Client.Common.ServiceBase.TraceRequest】 【Suretom.Client.Service.LoginService】--> {"userCode":"1","userPass":"1","verifycode":"1","Token":""} 
2022-04-11 15:35:17.1189--Trace 【Suretom.Client.Common.ServiceBase.TraceResponse】 【Suretom.Client.Service.LoginService】<-- Success:False  Message:基础连接已经关闭: 服务器关闭了本应保持活动状态的连接。  Data: 
2022-04-11 15:39:36.9751--Trace 【Suretom.Client.Common.ServiceBase.TraceRequest】 【Suretom.Client.Service.LoginService】--> {"Token":""} 
2022-04-11 15:39:56.8216--Trace 【Suretom.Client.Common.ServiceBase.TraceRequest】 【Suretom.Client.Service.LoginService】--> {"Token":""} 
2022-04-11 15:40:11.8809--Trace 【Suretom.Client.Common.ServiceBase.TraceRequest】 【Suretom.Client.Service.LoginService】--> {"userCode":"1","userPass":"1","verifycode":"1","Token":""} 
2022-04-11 15:40:19.3004--Trace 【Suretom.Client.Common.ServiceBase.TraceResponse】 【Suretom.Client.Service.LoginService】<-- Success:False  Message:基础连接已经关闭: 服务器关闭了本应保持活动状态的连接。  Data: 
2022-04-11 15:40:40.8332--Trace 【Suretom.Client.Common.ServiceBase.TraceRequest】 【Suretom.Client.Service.LoginService】--> {"Token":""} 
2022-04-11 15:40:59.8752--Trace 【Suretom.Client.Common.ServiceBase.TraceRequest】 【Suretom.Client.Service.LoginService】--> {"userCode":"1","userPass":"1","verifycode":"1","Token":""} 
2022-04-11 15:41:06.4092--Trace 【Suretom.Client.Common.ServiceBase.TraceResponse】 【Suretom.Client.Service.LoginService】<-- Success:False  Message:基础连接已经关闭: 接收时发生错误。  Data: 
2022-04-11 15:41:48.3446--Trace 【Suretom.Client.Common.ServiceBase.TraceRequest】 【Suretom.Client.Service.LoginService】--> {"Token":""} 
2022-04-11 15:41:58.9856--Trace 【Suretom.Client.Common.ServiceBase.TraceRequest】 【Suretom.Client.Service.LoginService】--> {"userCode":"1","userPass":"2","verifycode":"3","Token":""} 
2022-04-11 15:42:16.3080--Trace 【Suretom.Client.Common.ServiceBase.TraceResponse】 【Suretom.Client.Service.LoginService】<-- Success:False  Message:基础连接已经关闭: 接收时发生错误。  Data: 
2022-04-11 15:44:41.6386--Trace 【Suretom.Client.Common.ServiceBase.TraceRequest】 【Suretom.Client.Service.LoginService】--> {"userCode":"1","userPass":"2","verifycode":"3","Token":""} 
2022-04-11 15:44:58.2157--Trace 【Suretom.Client.Common.ServiceBase.TraceResponse】 【Suretom.Client.Service.LoginService】<-- Success:False  Message:基础连接已经关闭: 接收时发生错误。  Data: 
2022-04-11 15:45:15.3391--Trace 【Suretom.Client.Common.ServiceBase.TraceRequest】 【Suretom.Client.Service.LoginService】--> {"Token":""} 
2022-04-11 15:45:38.3573--Trace 【Suretom.Client.Common.ServiceBase.TraceRequest】 【Suretom.Client.Service.LoginService】--> {"Token":""} 
2022-04-11 15:45:52.5061--Trace 【Suretom.Client.Common.ServiceBase.TraceRequest】 【Suretom.Client.Service.LoginService】--> {"userCode":"1","userPass":"1","verifycode":"1","Token":""} 
2022-04-11 15:46:28.6627--Trace 【Suretom.Client.Common.ServiceBase.TraceResponse】 【Suretom.Client.Service.LoginService】<-- Success:False  Message:参数 <userCode,userPwd,verifycode,> 不能为空  Data: 
2022-04-11 15:52:55.2397--Trace 【Suretom.Client.Common.ServiceBase.TraceRequest】 【Suretom.Client.Service.LoginService】--> {"Token":""} 
2022-04-11 16:00:02.9207--Trace 【Suretom.Client.Common.ServiceBase.TraceRequest】 【Suretom.Client.Service.LoginService】--> {"Token":""} 
2022-04-11 16:03:16.5325--Trace 【Suretom.Client.Common.ServiceBase.TraceRequest】 【Suretom.Client.Service.LoginService】--> {"Token":""} 
2022-04-11 16:03:27.2440--Trace 【Suretom.Client.Common.ServiceBase.TraceRequest】 【Suretom.Client.Service.LoginService】--> {"userCode":"1","userPass":"1","verifycode":"1","Token":""} 
2022-04-11 16:05:05.9427--Trace 【Suretom.Client.Common.ServiceBase.TraceResponse】 【Suretom.Client.Service.LoginService】<-- Success:False  Message:参数 <userCode,userPwd,verifycode,> 不能为空  Data: 
2022-04-11 16:06:05.6055--Trace 【Suretom.Client.Common.ServiceBase.TraceRequest】 【Suretom.Client.Service.LoginService】--> {"userCode":"1","userPass":"1","verifycode":"1","Token":""} 
2022-04-11 16:06:13.9682--Trace 【Suretom.Client.Common.ServiceBase.TraceResponse】 【Suretom.Client.Service.LoginService】<-- Success:False  Message:参数 <userCode,userPwd,verifycode,> 不能为空  Data: 
2022-04-11 16:06:19.8881--Trace 【Suretom.Client.Common.ServiceBase.TraceRequest】 【Suretom.Client.Service.LoginService】--> {"userCode":"1","userPass":"1","verifycode":"1","Token":""} 
2022-04-11 16:06:43.6452--Trace 【Suretom.Client.Common.ServiceBase.TraceResponse】 【Suretom.Client.Service.LoginService】<-- Success:False  Message:基础连接已经关闭: 服务器关闭了本应保持活动状态的连接。  Data: 
2022-04-11 16:11:11.5957--Trace 【Suretom.Client.Common.ServiceBase.TraceRequest】 【Suretom.Client.Service.LoginService】--> {"Token":""} 
2022-04-11 16:11:23.6734--Trace 【Suretom.Client.Common.ServiceBase.TraceRequest】 【Suretom.Client.Service.LoginService】--> {"userCode":"1","userPass":"1","verifycode":"1","Token":""} 
2022-04-11 16:11:40.4862--Trace 【Suretom.Client.Common.ServiceBase.TraceResponse】 【Suretom.Client.Service.LoginService】<-- Success:False  Message:参数 <userCode,userPwd,verifycode,> 不能为空  Data: 
2022-04-11 16:11:48.7892--Trace 【Suretom.Client.Common.ServiceBase.TraceRequest】 【Suretom.Client.Service.LoginService】--> {"userCode":"1","userPass":"1","verifycode":"1","Token":""} 
2022-04-11 16:12:25.3270--Trace 【Suretom.Client.Common.ServiceBase.TraceRequest】 【Suretom.Client.Service.LoginService】--> {"Token":""} 
2022-04-11 16:12:40.6413--Trace 【Suretom.Client.Common.ServiceBase.TraceRequest】 【Suretom.Client.Service.LoginService】--> {"userCode":"1","userPass":"1","verifycode":"1","Token":""} 
2022-04-11 16:12:50.3337--Trace 【Suretom.Client.Common.ServiceBase.TraceResponse】 【Suretom.Client.Service.LoginService】<-- Success:False  Message:参数 <userCode,userPwd,verifycode,> 不能为空  Data: 
2022-04-11 16:13:10.9578--Trace 【Suretom.Client.Common.ServiceBase.TraceRequest】 【Suretom.Client.Service.LoginService】--> {"Token":""} 
2022-04-11 16:13:34.6580--Trace 【Suretom.Client.Common.ServiceBase.TraceRequest】 【Suretom.Client.Service.LoginService】--> {"userCode":"1","userPass":"2","verifycode":"3","Token":""} 
2022-04-11 16:13:42.3144--Trace 【Suretom.Client.Common.ServiceBase.TraceResponse】 【Suretom.Client.Service.LoginService】<-- Success:False  Message:参数 <userCode,userPwd,verifycode,> 不能为空  Data: 
2022-04-11 16:13:48.6024--Trace 【Suretom.Client.Common.ServiceBase.TraceRequest】 【Suretom.Client.Service.LoginService】--> {"userCode":"1","userPass":"2","verifycode":"3","Token":""} 
2022-04-11 16:14:48.5029--Trace 【Suretom.Client.Common.ServiceBase.TraceRequest】 【Suretom.Client.Service.LoginService】--> {"Token":""} 
2022-04-11 16:15:21.6981--Trace 【Suretom.Client.Common.ServiceBase.TraceRequest】 【Suretom.Client.Service.LoginService】--> {"Token":""} 
2022-04-11 16:15:37.3824--Trace 【Suretom.Client.Common.ServiceBase.TraceRequest】 【Suretom.Client.Service.LoginService】--> {"userCode":"1","userPass":"11","verifycode":"1","Token":""} 
2022-04-11 16:16:33.7257--Trace 【Suretom.Client.Common.ServiceBase.TraceRequest】 【Suretom.Client.Service.LoginService】--> {"Token":""} 
2022-04-11 16:16:56.0167--Trace 【Suretom.Client.Common.ServiceBase.TraceRequest】 【Suretom.Client.Service.LoginService】--> {"userCode":"1","userPass":"1","verifycode":"1","Token":""} 
2022-04-11 16:17:06.0368--Trace 【Suretom.Client.Common.ServiceBase.TraceResponse】 【Suretom.Client.Service.LoginService】<-- Success:False  Message:{"data":null,"message":"参数 <userCode,userPwd,verifycode,> 不能为空","status":403}  Data: 
2022-04-11 16:18:21.7991--Trace 【Suretom.Client.Common.ServiceBase.TraceRequest】 【Suretom.Client.Service.LoginService】--> {"Token":""} 
2022-04-11 16:18:34.5020--Trace 【Suretom.Client.Common.ServiceBase.TraceRequest】 【Suretom.Client.Service.LoginService】--> {"userCode":"1","userPass":"1","verifycode":"2","Token":""} 
2022-04-11 16:43:36.8858--Trace 【Suretom.Client.Common.ServiceBase.TraceRequest】 【Suretom.Client.Service.LoginService】--> {"Token":""} 
2022-04-11 16:46:09.3622--Trace 【Suretom.Client.Common.ServiceBase.TraceRequest】 【Suretom.Client.Service.LoginService】--> {"Token":""} 
2022-04-11 16:48:01.3120--Trace 【Suretom.Client.Common.ServiceBase.TraceRequest】 【Suretom.Client.Service.LoginService】--> {"Token":""} 
2022-04-11 16:49:06.5530--Trace 【Suretom.Client.Common.ServiceBase.TraceRequest】 【Suretom.Client.Service.LoginService】--> {"Token":""} 
2022-04-11 16:49:39.4657--Trace 【Suretom.Client.Common.ServiceBase.TraceRequest】 【Suretom.Client.Service.LoginService】--> {"Token":""} 
2022-04-11 16:49:40.5126--Trace 【Suretom.Client.Common.ServiceBase.TraceRequest】 【Suretom.Client.Service.LoginService】--> {"Token":""} 
2022-04-11 16:49:41.2937--Trace 【Suretom.Client.Common.ServiceBase.TraceRequest】 【Suretom.Client.Service.LoginService】--> {"Token":""} 
2022-04-11 16:49:42.3437--Trace 【Suretom.Client.Common.ServiceBase.TraceRequest】 【Suretom.Client.Service.LoginService】--> {"Token":""} 
2022-04-11 17:00:52.7607--Trace 【Suretom.Client.Common.ServiceBase.TraceRequest】 【Suretom.Client.Service.LoginService】--> {"Token":""} 
2022-04-11 17:16:35.9038--Trace 【Suretom.Client.Common.ServiceBase.TraceRequest】 【Suretom.Client.Service.LoginService】--> {"Token":""} 
2022-04-11 17:16:57.3887--Trace 【Suretom.Client.Common.ServiceBase.TraceRequest】 【Suretom.Client.Service.LoginService】--> {"Token":""} 
2022-04-11 17:16:58.7783--Trace 【Suretom.Client.Common.ServiceBase.TraceRequest】 【Suretom.Client.Service.LoginService】--> {"Token":""} 
2022-04-11 17:16:59.5572--Trace 【Suretom.Client.Common.ServiceBase.TraceRequest】 【Suretom.Client.Service.LoginService】--> {"Token":""} 
2022-04-11 17:17:00.5045--Trace 【Suretom.Client.Common.ServiceBase.TraceRequest】 【Suretom.Client.Service.LoginService】--> {"Token":""} 
2022-04-11 17:17:17.4514--Trace 【Suretom.Client.Common.ServiceBase.TraceRequest】 【Suretom.Client.Service.UserService】--> {"Token":"k88wVeI7Fz/Kt7unMkIrsQTbXiCYvL7duWWioHzufg4lJGoDwbcZ32QkslMb9csbpbIdj1ujHk7ENoLTZ+8kq4novhVQhjPGOueNKl2bbzy7gOOhJOuOKLd4i7C7ym73fJ3j5CjbgUyheejwrUs4GKl7WXt8OJFNGKpe+pfOdf8="} 
2022-04-11 17:19:30.8287--Trace 【Suretom.Client.Common.ServiceBase.TraceRequest】 【Suretom.Client.Service.LoginService】--> {"Token":""} 
2022-04-11 17:19:47.2614--Trace 【Suretom.Client.Common.ServiceBase.TraceRequest】 【Suretom.Client.Service.LoginService】--> {"Token":""} 
2022-04-11 17:20:03.6436--Trace 【Suretom.Client.Common.ServiceBase.TraceRequest】 【Suretom.Client.Service.UserService】--> {"Token":"k88wVeI7Fz/Kt7unMkIrsQTbXiCYvL7duWWioHzufg4lJGoDwbcZ32QkslMb9csbpbIdj1ujHk7ENoLTZ+8kq4novhVQhjPGOueNKl2bbzy7gOOhJOuOKLd4i7C7ym73fJ3j5CjbgUyheejwrUs4GKl7WXt8OJFNGKpe+pfOdf8="} 
2022-04-11 17:25:31.6543--Trace 【Suretom.Client.Common.ServiceBase.TraceRequest】 【Suretom.Client.Service.LoginService】--> {"Token":""} 
2022-04-11 17:25:51.8139--Trace 【Suretom.Client.Common.ServiceBase.TraceRequest】 【Suretom.Client.Service.UserService】--> {"Token":"k88wVeI7Fz/Kt7unMkIrsQTbXiCYvL7duWWioHzufg4lJGoDwbcZ32QkslMb9csbpbIdj1ujHk7ENoLTZ+8kq4novhVQhjPGOueNKl2bbzy7gOOhJOuOKLd4i7C7ym73fJ3j5CjbgUyheejwrUs4GKl7WXt8OJFNGKpe+pfOdf8="} 
