2022-04-09 00:01:55.1493--Trace 【Suretom.Client.Common.ServiceBase.TraceRequest】 【Suretom.Client.Service.LoginService】--> {"userCode":"15256955261","userPass":"123456","Token":""} 
2022-04-09 00:01:57.3238--Trace 【Suretom.Client.Common.ServiceBase.TraceResponse】 【Suretom.Client.Service.LoginService】<-- Success:False  Message:无法连接到远程服务器  Data: 
2022-04-09 08:37:42.6967--Trace 【Suretom.Client.Common.ServiceBase.TraceRequest】 【Suretom.Client.Service.LoginService】--> {"userCode":"15256955261","userPass":"123456","Token":""} 
2022-04-09 08:37:45.0305--Trace 【Suretom.Client.Common.ServiceBase.TraceResponse】 【Suretom.Client.Service.LoginService】<-- Success:False  Message:无法连接到远程服务器  Data: 
2022-04-09 11:39:27.6418--Trace 【Suretom.Client.Common.ServiceBase.TraceRequest】 【Suretom.Client.Service.LoginService】--> {"userCode":"15256955261","userPass":"123456","Token":""} 
2022-04-09 11:39:30.0563--Trace 【Suretom.Client.Common.ServiceBase.TraceResponse】 【Suretom.Client.Service.LoginService】<-- Success:False  Message:无法连接到远程服务器  Data: 
2022-04-09 13:34:46.6206--Trace 【Suretom.Client.Common.ServiceBase.TraceRequest】 【Suretom.Client.Service.LoginService】--> {"userCode":"15256955261","userPass":"123456","Token":""} 
2022-04-09 13:34:48.9783--Trace 【Suretom.Client.Common.ServiceBase.TraceResponse】 【Suretom.Client.Service.LoginService】<-- Success:False  Message:无法连接到远程服务器  Data: 
2022-04-09 13:49:17.9967--Trace 【Suretom.Client.Common.ServiceBase.TraceRequest】 【Suretom.Client.Service.LoginService】--> {"userCode":"15256955261","userPass":"123456","Token":""} 
2022-04-09 13:49:20.1319--Trace 【Suretom.Client.Common.ServiceBase.TraceResponse】 【Suretom.Client.Service.LoginService】<-- Success:False  Message:无法连接到远程服务器  Data: 
2022-04-09 14:44:26.8327--Trace 【Suretom.Client.Common.ServiceBase.TraceRequest】 【Suretom.Client.Service.LoginService】--> {"userCode":"15256955261","userPass":"123456","Token":""} 
2022-04-09 14:44:29.0269--Trace 【Suretom.Client.Common.ServiceBase.TraceResponse】 【Suretom.Client.Service.LoginService】<-- Success:False  Message:无法连接到远程服务器  Data: 
2022-04-09 14:47:09.1545--Trace 【Suretom.Client.Common.ServiceBase.TraceRequest】 【Suretom.Client.Service.LoginService】--> {"userCode":"15256955261","userPass":"123456","Token":""} 
2022-04-09 14:47:11.3427--Trace 【Suretom.Client.Common.ServiceBase.TraceResponse】 【Suretom.Client.Service.LoginService】<-- Success:False  Message:无法连接到远程服务器  Data: 
2022-04-09 15:10:54.4516--Trace 【Suretom.Client.Common.ServiceBase.TraceRequest】 【Suretom.Client.Service.LoginService】--> {"userCode":"15256955261","userPass":"123456","Token":""} 
2022-04-09 15:10:56.6387--Trace 【Suretom.Client.Common.ServiceBase.TraceResponse】 【Suretom.Client.Service.LoginService】<-- Success:False  Message:无法连接到远程服务器  Data: 
2022-04-09 15:17:02.9340--Trace 【Suretom.Client.Common.ServiceBase.TraceRequest】 【Suretom.Client.Service.LoginService】--> {"userCode":"15256955261","userPass":"123456","Token":""} 
2022-04-09 15:17:05.1281--Trace 【Suretom.Client.Common.ServiceBase.TraceResponse】 【Suretom.Client.Service.LoginService】<-- Success:False  Message:无法连接到远程服务器  Data: 
2022-04-09 15:22:28.5654--Trace 【Suretom.Client.Common.ServiceBase.TraceRequest】 【Suretom.Client.Service.LoginService】--> {"userCode":"15256955261","userPass":"123456","Token":""} 
2022-04-09 15:22:30.7446--Trace 【Suretom.Client.Common.ServiceBase.TraceResponse】 【Suretom.Client.Service.LoginService】<-- Success:False  Message:无法连接到远程服务器  Data: 
2022-04-09 15:30:24.8241--Trace 【Suretom.Client.Common.ServiceBase.TraceRequest】 【Suretom.Client.Service.LoginService】--> {"userCode":"15256955261","userPass":"123456","Token":""} 
2022-04-09 15:30:27.3254--Trace 【Suretom.Client.Common.ServiceBase.TraceResponse】 【Suretom.Client.Service.LoginService】<-- Success:False  Message:无法连接到远程服务器  Data: 
2022-04-09 16:09:45.4146--Trace 【Suretom.Client.Common.ServiceBase.TraceRequest】 【Suretom.Client.Service.LoginService】--> {"userCode":"15256955261","userPass":"123456","Token":""} 
2022-04-09 16:09:47.6347--Trace 【Suretom.Client.Common.ServiceBase.TraceResponse】 【Suretom.Client.Service.LoginService】<-- Success:False  Message:无法连接到远程服务器  Data: 
2022-04-09 16:29:42.3694--Trace 【Suretom.Client.Common.ServiceBase.TraceRequest】 【Suretom.Client.Service.LoginService】--> {"userCode":"15256955261","userPass":"123456","Token":""} 
2022-04-09 16:29:44.5745--Trace 【Suretom.Client.Common.ServiceBase.TraceResponse】 【Suretom.Client.Service.LoginService】<-- Success:False  Message:无法连接到远程服务器  Data: 
2022-04-09 16:34:05.2538--Trace 【Suretom.Client.Common.ServiceBase.TraceRequest】 【Suretom.Client.Service.LoginService】--> {"userCode":"15256955261","userPass":"123456","Token":""} 
2022-04-09 16:34:07.6544--Trace 【Suretom.Client.Common.ServiceBase.TraceResponse】 【Suretom.Client.Service.LoginService】<-- Success:False  Message:无法连接到远程服务器  Data: 
2022-04-09 17:12:02.7987--Trace 【Suretom.Client.Common.ServiceBase.TraceRequest】 【Suretom.Client.Service.LoginService】--> {"userCode":"15256955261","userPass":"123456","Token":""} 
2022-04-09 17:12:04.9948--Trace 【Suretom.Client.Common.ServiceBase.TraceResponse】 【Suretom.Client.Service.LoginService】<-- Success:False  Message:无法连接到远程服务器  Data: 
2022-04-09 17:14:09.0083--Trace 【Suretom.Client.Common.ServiceBase.TraceRequest】 【Suretom.Client.Service.LoginService】--> {"userCode":"15256955261","userPass":"123456","Token":""} 
2022-04-09 17:14:11.1805--Trace 【Suretom.Client.Common.ServiceBase.TraceResponse】 【Suretom.Client.Service.LoginService】<-- Success:False  Message:无法连接到远程服务器  Data: 
2022-04-09 17:19:49.0213--Trace 【Suretom.Client.Common.ServiceBase.TraceRequest】 【Suretom.Client.Service.LoginService】--> {"userCode":"15256955261","userPass":"123456","Token":""} 
2022-04-09 17:19:51.2154--Trace 【Suretom.Client.Common.ServiceBase.TraceResponse】 【Suretom.Client.Service.LoginService】<-- Success:False  Message:无法连接到远程服务器  Data: 
2022-04-09 17:25:27.5156--Trace 【Suretom.Client.Common.ServiceBase.TraceRequest】 【Suretom.Client.Service.LoginService】--> {"userCode":"15256955261","userPass":"123456","Token":""} 
2022-04-09 17:25:29.7476--Trace 【Suretom.Client.Common.ServiceBase.TraceResponse】 【Suretom.Client.Service.LoginService】<-- Success:False  Message:无法连接到远程服务器  Data: 
2022-04-09 17:26:18.8393--Trace 【Suretom.Client.Common.ServiceBase.TraceRequest】 【Suretom.Client.Service.LoginService】--> {"userCode":"15256955261","userPass":"123456","Token":""} 
2022-04-09 17:26:21.0424--Trace 【Suretom.Client.Common.ServiceBase.TraceResponse】 【Suretom.Client.Service.LoginService】<-- Success:False  Message:无法连接到远程服务器  Data: 
2022-04-09 17:27:04.4993--Trace 【Suretom.Client.Common.ServiceBase.TraceRequest】 【Suretom.Client.Service.LoginService】--> {"userCode":"15256955261","userPass":"123456","Token":""} 
2022-04-09 17:27:06.6884--Trace 【Suretom.Client.Common.ServiceBase.TraceResponse】 【Suretom.Client.Service.LoginService】<-- Success:False  Message:无法连接到远程服务器  Data: 
2022-04-09 17:29:44.5768--Trace 【Suretom.Client.Common.ServiceBase.TraceRequest】 【Suretom.Client.Service.LoginService】--> {"userCode":"15256955261","userPass":"123456","Token":""} 
2022-04-09 17:29:46.7490--Trace 【Suretom.Client.Common.ServiceBase.TraceResponse】 【Suretom.Client.Service.LoginService】<-- Success:False  Message:无法连接到远程服务器  Data: 
2022-04-09 17:31:45.1302--Trace 【Suretom.Client.Common.ServiceBase.TraceRequest】 【Suretom.Client.Service.LoginService】--> {"userCode":"15256955261","userPass":"123456","Token":""} 
2022-04-09 17:31:47.3722--Trace 【Suretom.Client.Common.ServiceBase.TraceResponse】 【Suretom.Client.Service.LoginService】<-- Success:False  Message:无法连接到远程服务器  Data: 
2022-04-09 17:37:58.0065--Trace 【Suretom.Client.Common.ServiceBase.TraceRequest】 【Suretom.Client.Service.LoginService】--> {"userCode":"15256955261","userPass":"123456","Token":""} 
2022-04-09 17:38:00.1807--Trace 【Suretom.Client.Common.ServiceBase.TraceResponse】 【Suretom.Client.Service.LoginService】<-- Success:False  Message:无法连接到远程服务器  Data: 
2022-04-09 17:40:00.5431--Trace 【Suretom.Client.Common.ServiceBase.TraceRequest】 【Suretom.Client.Service.LoginService】--> {"userCode":"15256955261","userPass":"123456","Token":""} 
2022-04-09 17:40:02.7263--Trace 【Suretom.Client.Common.ServiceBase.TraceResponse】 【Suretom.Client.Service.LoginService】<-- Success:False  Message:无法连接到远程服务器  Data: 
2022-04-09 17:40:55.9940--Trace 【Suretom.Client.Common.ServiceBase.TraceRequest】 【Suretom.Client.Service.LoginService】--> {"userCode":"15256955261","userPass":"123456","Token":""} 
2022-04-09 17:40:58.1822--Trace 【Suretom.Client.Common.ServiceBase.TraceResponse】 【Suretom.Client.Service.LoginService】<-- Success:False  Message:无法连接到远程服务器  Data: 
2022-04-09 18:40:58.2068--Trace 【Suretom.Client.Common.ServiceBase.TraceRequest】 【Suretom.Client.Service.LoginService】--> {"userCode":"15256955261","userPass":"123456","Token":"15256955261"} 
2022-04-09 18:41:00.2360--Trace 【Suretom.Client.Common.ServiceBase.TraceResponse】 【Suretom.Client.Service.LoginService】<-- Success:False  Message:无法连接到远程服务器  Data: 
2022-04-09 18:47:34.8458--Trace 【Suretom.Client.Common.ServiceBase.TraceRequest】 【Suretom.Client.Service.LoginService】--> {"userCode":"15256955261","userPass":"123456","Token":""} 
2022-04-09 18:47:37.0792--Trace 【Suretom.Client.Common.ServiceBase.TraceResponse】 【Suretom.Client.Service.LoginService】<-- Success:False  Message:无法连接到远程服务器  Data: 
2022-04-09 19:01:44.6462--Trace 【Suretom.Client.Common.ServiceBase.TraceRequest】 【Suretom.Client.Service.LoginService】--> {"userCode":"15256955261","userPass":"123456","Token":""} 
2022-04-09 19:01:46.8821--Trace 【Suretom.Client.Common.ServiceBase.TraceResponse】 【Suretom.Client.Service.LoginService】<-- Success:False  Message:无法连接到远程服务器  Data: 
2022-04-09 19:05:31.8223--Trace 【Suretom.Client.Common.ServiceBase.TraceRequest】 【Suretom.Client.Service.LoginService】--> {"userCode":"15256955261","userPass":"123456","Token":""} 
2022-04-09 19:05:34.0053--Trace 【Suretom.Client.Common.ServiceBase.TraceResponse】 【Suretom.Client.Service.LoginService】<-- Success:False  Message:无法连接到远程服务器  Data: 
2022-04-09 19:13:32.4764--Trace 【Suretom.Client.Common.ServiceBase.TraceRequest】 【Suretom.Client.Service.LoginService】--> {"userCode":"15256955261","userPass":"123456","Token":""} 
2022-04-09 19:13:34.6685--Trace 【Suretom.Client.Common.ServiceBase.TraceResponse】 【Suretom.Client.Service.LoginService】<-- Success:False  Message:无法连接到远程服务器  Data: 
2022-04-09 19:19:17.1784--Trace 【Suretom.Client.Common.ServiceBase.TraceRequest】 【Suretom.Client.Service.LoginService】--> {"userCode":"15256955261","userPass":"123456","Token":""} 
2022-04-09 19:19:19.3601--Trace 【Suretom.Client.Common.ServiceBase.TraceResponse】 【Suretom.Client.Service.LoginService】<-- Success:False  Message:无法连接到远程服务器  Data: 
2022-04-09 19:25:28.7011--Trace 【Suretom.Client.Common.ServiceBase.TraceRequest】 【Suretom.Client.Service.LoginService】--> {"userCode":"15256955261","userPass":"123456","Token":""} 
2022-04-09 19:25:30.9337--Trace 【Suretom.Client.Common.ServiceBase.TraceResponse】 【Suretom.Client.Service.LoginService】<-- Success:False  Message:无法连接到远程服务器  Data: 
2022-04-09 19:25:55.1303--Trace 【Suretom.Client.Common.ServiceBase.TraceRequest】 【Suretom.Client.Service.LoginService】--> {"userCode":"15256955261","userPass":"123456","Token":""} 
2022-04-09 19:25:57.3244--Trace 【Suretom.Client.Common.ServiceBase.TraceResponse】 【Suretom.Client.Service.LoginService】<-- Success:False  Message:无法连接到远程服务器  Data: 
2022-04-09 19:26:13.3243--Trace 【Suretom.Client.Common.ServiceBase.TraceRequest】 【Suretom.Client.Service.LoginService】--> {"userCode":"15256955261","userPass":"123456","Token":""} 
2022-04-09 19:26:15.5649--Trace 【Suretom.Client.Common.ServiceBase.TraceResponse】 【Suretom.Client.Service.LoginService】<-- Success:False  Message:无法连接到远程服务器  Data: 
2022-04-09 19:27:45.5273--Trace 【Suretom.Client.Common.ServiceBase.TraceRequest】 【Suretom.Client.Service.LoginService】--> {"userCode":"15256955261","userPass":"123456","Token":""} 
2022-04-09 19:27:47.7171--Trace 【Suretom.Client.Common.ServiceBase.TraceResponse】 【Suretom.Client.Service.LoginService】<-- Success:False  Message:无法连接到远程服务器  Data: 
2022-04-09 19:30:14.9228--Trace 【Suretom.Client.Common.ServiceBase.TraceRequest】 【Suretom.Client.Service.LoginService】--> {"userCode":"15256955261","userPass":"123456","Token":""} 
2022-04-09 19:30:17.1057--Trace 【Suretom.Client.Common.ServiceBase.TraceResponse】 【Suretom.Client.Service.LoginService】<-- Success:False  Message:无法连接到远程服务器  Data: 
2022-04-09 19:32:04.5343--Trace 【Suretom.Client.Common.ServiceBase.TraceRequest】 【Suretom.Client.Service.LoginService】--> {"userCode":"15256955261","userPass":"123456","Token":""} 
2022-04-09 19:32:06.7149--Trace 【Suretom.Client.Common.ServiceBase.TraceResponse】 【Suretom.Client.Service.LoginService】<-- Success:False  Message:无法连接到远程服务器  Data: 
2022-04-09 19:52:55.5553--Trace 【Suretom.Client.Common.ServiceBase.TraceRequest】 【Suretom.Client.Service.LoginService】--> {"userCode":"15256955261","userPass":"123456","Token":""} 
2022-04-09 19:52:57.9593--Trace 【Suretom.Client.Common.ServiceBase.TraceResponse】 【Suretom.Client.Service.LoginService】<-- Success:False  Message:无法连接到远程服务器  Data: 
2022-04-09 19:54:36.2506--Trace 【Suretom.Client.Common.ServiceBase.TraceRequest】 【Suretom.Client.Service.LoginService】--> {"userCode":"15256955261","userPass":"123456","Token":""} 
2022-04-09 19:54:38.4536--Trace 【Suretom.Client.Common.ServiceBase.TraceResponse】 【Suretom.Client.Service.LoginService】<-- Success:False  Message:无法连接到远程服务器  Data: 
2022-04-09 19:56:11.7266--Trace 【Suretom.Client.Common.ServiceBase.TraceRequest】 【Suretom.Client.Service.LoginService】--> {"userCode":"15256955261","userPass":"123456","Token":""} 
2022-04-09 19:56:13.9181--Trace 【Suretom.Client.Common.ServiceBase.TraceResponse】 【Suretom.Client.Service.LoginService】<-- Success:False  Message:无法连接到远程服务器  Data: 
2022-04-09 20:40:03.2984--Trace 【Suretom.Client.Common.ServiceBase.TraceRequest】 【Suretom.Client.Service.LoginService】--> {"userCode":"15256955261","userPass":"123456","Token":""} 
2022-04-09 20:40:05.6801--Trace 【Suretom.Client.Common.ServiceBase.TraceResponse】 【Suretom.Client.Service.LoginService】<-- Success:False  Message:无法连接到远程服务器  Data: 
2022-04-09 20:42:42.5759--Trace 【Suretom.Client.Common.ServiceBase.TraceRequest】 【Suretom.Client.Service.LoginService】--> {"userCode":"15256955261","userPass":"123456","Token":""} 
2022-04-09 20:42:44.7726--Trace 【Suretom.Client.Common.ServiceBase.TraceResponse】 【Suretom.Client.Service.LoginService】<-- Success:False  Message:无法连接到远程服务器  Data: 
2022-04-09 20:43:55.5821--Trace 【Suretom.Client.Common.ServiceBase.TraceRequest】 【Suretom.Client.Service.LoginService】--> {"userCode":"15256955261","userPass":"123456","Token":""} 
2022-04-09 20:43:57.7706--Trace 【Suretom.Client.Common.ServiceBase.TraceResponse】 【Suretom.Client.Service.LoginService】<-- Success:False  Message:无法连接到远程服务器  Data: 
2022-04-09 21:36:51.2967--Trace 【Suretom.Client.Common.ServiceBase.TraceRequest】 【Suretom.Client.Service.LoginService】--> {"Token":""} 
2022-04-09 21:50:20.5626--Trace 【Suretom.Client.Common.ServiceBase.TraceRequest】 【Suretom.Client.Service.LoginService】--> {"Token":""} 
2022-04-09 21:52:07.8848--Trace 【Suretom.Client.Common.ServiceBase.TraceRequest】 【Suretom.Client.Service.LoginService】--> {"userCode":"15256955261","userPass":"123456","Token":""} 
2022-04-09 21:52:08.2458--Trace 【Suretom.Client.Common.ServiceBase.TraceResponse】 【Suretom.Client.Service.LoginService】<-- Success:False  Message:参数 <userPwd,verifycode,> 不能为空  Data: 
2022-04-09 22:27:24.0408--Trace 【Suretom.Client.Common.ServiceBase.TraceRequest】 【Suretom.Client.Service.LoginService】--> {"Token":""} 
2022-04-09 22:33:59.7251--Trace 【Suretom.Client.Common.ServiceBase.TraceRequest】 【Suretom.Client.Service.LoginService】--> {"Token":""} 
2022-04-09 22:37:09.1446--Trace 【Suretom.Client.Common.ServiceBase.TraceRequest】 【Suretom.Client.Service.LoginService】--> {"Token":""} 
2022-04-09 22:38:48.5807--Trace 【Suretom.Client.Common.ServiceBase.TraceRequest】 【Suretom.Client.Service.LoginService】--> {"Token":""} 
2022-04-09 22:42:47.9008--Trace 【Suretom.Client.Common.ServiceBase.TraceRequest】 【Suretom.Client.Service.LoginService】--> {"Token":""} 
2022-04-09 22:43:15.8046--Trace 【Suretom.Client.Common.ServiceBase.TraceRequest】 【Suretom.Client.Service.LoginService】--> {"Token":""} 
2022-04-09 22:44:18.6008--Trace 【Suretom.Client.Common.ServiceBase.TraceRequest】 【Suretom.Client.Service.LoginService】--> {"Token":""} 
2022-04-09 22:45:54.4166--Trace 【Suretom.Client.Common.ServiceBase.TraceRequest】 【Suretom.Client.Service.LoginService】--> {"Token":""} 
2022-04-09 22:46:44.9428--Trace 【Suretom.Client.Common.ServiceBase.TraceRequest】 【Suretom.Client.Service.LoginService】--> {"Token":""} 
2022-04-09 22:48:49.1905--Trace 【Suretom.Client.Common.ServiceBase.TraceRequest】 【Suretom.Client.Service.LoginService】--> {"Token":""} 
2022-04-09 22:54:05.6161--Trace 【Suretom.Client.Common.ServiceBase.TraceRequest】 【Suretom.Client.Service.LoginService】--> {"Token":""} 
2022-04-09 22:54:39.4895--Trace 【Suretom.Client.Common.ServiceBase.TraceRequest】 【Suretom.Client.Service.LoginService】--> {"Token":""} 
2022-04-09 23:13:51.9967--Trace 【Suretom.Client.Common.ServiceBase.TraceRequest】 【Suretom.Client.Service.LoginService】--> {"Token":""} 
2022-04-09 23:26:22.1336--Trace 【Suretom.Client.Common.ServiceBase.TraceRequest】 【Suretom.Client.Service.LoginService】--> {"Token":""} 
2022-04-09 23:33:08.5042--Trace 【Suretom.Client.Common.ServiceBase.TraceRequest】 【Suretom.Client.Service.LoginService】--> {"Token":""} 
2022-04-09 23:36:28.1863--Trace 【Suretom.Client.Common.ServiceBase.TraceRequest】 【Suretom.Client.Service.LoginService】--> {"Token":""} 
2022-04-09 23:38:33.0909--Trace 【Suretom.Client.Common.ServiceBase.TraceRequest】 【Suretom.Client.Service.LoginService】--> {"Token":""} 
2022-04-09 23:57:39.0843--Trace 【Suretom.Client.Common.ServiceBase.TraceRequest】 【Suretom.Client.Service.LoginService】--> {"Token":""} 
2022-04-09 23:59:05.8978--Trace 【Suretom.Client.Common.ServiceBase.TraceRequest】 【Suretom.Client.Service.LoginService】--> {"Token":""} 
