2022-04-10 00:00:51.9313--Trace 【Suretom.Client.Common.ServiceBase.TraceRequest】 【Suretom.Client.Service.LoginService】--> {"Token":""} 
2022-04-10 00:03:13.7938--Trace 【Suretom.Client.Common.ServiceBase.TraceRequest】 【Suretom.Client.Service.LoginService】--> {"Token":""} 
2022-04-10 00:04:07.8503--Trace 【Suretom.Client.Common.ServiceBase.TraceRequest】 【Suretom.Client.Service.LoginService】--> {"Token":""} 
2022-04-10 00:04:39.6493--Trace 【Suretom.Client.Common.ServiceBase.TraceRequest】 【Suretom.Client.Service.LoginService】--> {"Token":""} 
2022-04-10 00:05:25.0035--Trace 【Suretom.Client.Common.ServiceBase.TraceRequest】 【Suretom.Client.Service.LoginService】--> {"Token":""} 
2022-04-10 00:05:50.6230--Trace 【Suretom.Client.Common.ServiceBase.TraceRequest】 【Suretom.Client.Service.LoginService】--> {"Token":""} 
2022-04-10 00:06:18.4806--Trace 【Suretom.Client.Common.ServiceBase.TraceRequest】 【Suretom.Client.Service.LoginService】--> {"Token":""} 
2022-04-10 00:07:36.8091--Trace 【Suretom.Client.Common.ServiceBase.TraceRequest】 【Suretom.Client.Service.LoginService】--> {"Token":""} 
2022-04-10 00:07:56.8645--Trace 【Suretom.Client.Common.ServiceBase.TraceRequest】 【Suretom.Client.Service.LoginService】--> {"Token":""} 
2022-04-10 13:35:58.7060--Trace 【Suretom.Client.Common.ServiceBase.TraceRequest】 【Suretom.Client.Service.LoginService】--> {"userCode":"user","userPass":"123456","verifycode":"879hz","Token":""} 
2022-04-10 13:35:59.1500--Trace 【Suretom.Client.Common.ServiceBase.TraceResponse】 【Suretom.Client.Service.LoginService】<-- Success:False  Message:参数 <userPwd,> 不能为空  Data: 
2022-04-10 13:37:19.6335--Trace 【Suretom.Client.Common.ServiceBase.TraceRequest】 【Suretom.Client.Service.LoginService】--> {"userCode":"user","userPass":"123456","verifycode":"879hz","Token":""} 
2022-04-10 13:39:01.8254--Trace 【Suretom.Client.Common.ServiceBase.TraceRequest】 【Suretom.Client.Service.LoginService】--> {"userCode":"user","userPass":"123456","verifycode":"879hz","Token":""} 
2022-04-10 13:39:03.2641--Trace 【Suretom.Client.Common.ServiceBase.TraceResponse】 【Suretom.Client.Service.LoginService】<-- Success:False  Message:远程服务器返回错误: (500) 内部服务器错误。  Data: 
2022-04-10 13:39:18.6381--Trace 【Suretom.Client.Common.ServiceBase.TraceRequest】 【Suretom.Client.Service.LoginService】--> {"userCode":"user","userPass":"123456","verifycode":"879hz","Token":""} 
2022-04-10 13:44:05.2675--Trace 【Suretom.Client.Common.ServiceBase.TraceRequest】 【Suretom.Client.Service.LoginService】--> {"userCode":"user","userPass":"123456","verifycode":"879hz","Token":""} 
2022-04-10 13:46:13.9773--Trace 【Suretom.Client.Common.ServiceBase.TraceRequest】 【Suretom.Client.Service.LoginService】--> {"userCode":"user","userPass":"123456","verifycode":"879hz","Token":""} 
2022-04-10 13:49:36.5188--Trace 【Suretom.Client.Common.ServiceBase.TraceRequest】 【Suretom.Client.Service.LoginService】--> {"userCode":"user","userPass":"123456","verifycode":"1","Token":""} 
2022-04-10 13:50:17.0038--Trace 【Suretom.Client.Common.ServiceBase.TraceRequest】 【Suretom.Client.Service.LoginService】--> {"userCode":"user","userPass":"123456","verifycode":"1","Token":""} 
2022-04-10 13:56:09.3178--Trace 【Suretom.Client.Common.ServiceBase.TraceRequest】 【Suretom.Client.Service.LoginService】--> {"userCode":"15256955261","userPass":"123456","verifycode":"1","Token":""} 
2022-04-10 13:57:50.8424--Trace 【Suretom.Client.Common.ServiceBase.TraceResponse】 【Suretom.Client.Service.LoginService】<-- Success:False  Message:操作超时  Data: 
2022-04-10 15:03:22.0827--Trace 【Suretom.Client.Common.ServiceBase.TraceRequest】 【Suretom.Client.Service.LoginService】--> {"userCode":"7","userPass":"2","verifycode":"3","Token":""} 
2022-04-10 15:06:22.2294--Trace 【Suretom.Client.Common.ServiceBase.TraceRequest】 【Suretom.Client.Service.LoginService】--> {"userCode":"1","userPass":"2","verifycode":"3","Token":""} 
