2022-04-09 14:44:31.7336--Error 【Suretom.Client.UI.Pages.Demo.DemoWin.UserControl_Loaded】 System.IO.FileLoadException: 未能加载文件或程序集“Newtonsoft.Json, Version=13.0.0.0, Culture=neutral, PublicKeyToken=30ad4fe6b2a6aeed”或它的某一个依赖项。找到的程序集清单定义与程序集引用不匹配。 (异常来自 HRESULT:0x80131040)
文件名:“Newtonsoft.Json, Version=13.0.0.0, Culture=neutral, PublicKeyToken=30ad4fe6b2a6aeed”
   在 Suretom.Client.Data.DemoData.GetCourseList()
   在 Suretom.Client.UI.Pages.Demo.DemoWin.UserControl_Loaded(Object sender, RoutedEventArgs e) 位置 I:\project\Suretom.Client\Suretom.Client.UI\Pages\Demo\DemoWin.xaml.cs:行号 83

=== 预绑定状态信息 ===
日志: DisplayName = Newtonsoft.Json, Version=13.0.0.0, Culture=neutral, PublicKeyToken=30ad4fe6b2a6aeed
 (Fully-specified)
日志: Appbase = file:///I:/project/Suretom.Client/Suretom.Client.UI/bin/Debug/
日志: 初始 PrivatePath = NULL
调用程序集: Suretom.Client.Data, Version=1.0.0.0, Culture=neutral, PublicKeyToken=null。
===
日志: 此绑定从 default 加载上下文开始。
日志: 正在使用应用程序配置文件: I:\project\Suretom.Client\Suretom.Client.UI\bin\Debug\Suretom.Client.UI.exe.Config
日志: 使用主机配置文件: 
日志: 使用 C:\Windows\Microsoft.NET\Framework\v4.0.30319\config\machine.config 的计算机配置文件。
日志: 策略后引用: Newtonsoft.Json, Version=13.0.0.0, Culture=neutral, PublicKeyToken=30ad4fe6b2a6aeed
日志: 尝试下载新的 URL file:///I:/project/Suretom.Client/Suretom.Client.UI/bin/Debug/Newtonsoft.Json.DLL。
警告: 比较程序集名称时发生不匹配: 主版本
错误: 未能完成程序集的安装(hr = 0x80131040)。探测终止。
 System.IO.FileLoadException: 未能加载文件或程序集“Newtonsoft.Json, Version=13.0.0.0, Culture=neutral, PublicKeyToken=30ad4fe6b2a6aeed”或它的某一个依赖项。找到的程序集清单定义与程序集引用不匹配。 (异常来自 HRESULT:0x80131040)
文件名:“Newtonsoft.Json, Version=13.0.0.0, Culture=neutral, PublicKeyToken=30ad4fe6b2a6aeed”
   在 Suretom.Client.Data.DemoData.GetCourseList()
   在 Suretom.Client.UI.Pages.Demo.DemoWin.UserControl_Loaded(Object sender, RoutedEventArgs e) 位置 I:\project\Suretom.Client\Suretom.Client.UI\Pages\Demo\DemoWin.xaml.cs:行号 83

=== 预绑定状态信息 ===
日志: DisplayName = Newtonsoft.Json, Version=13.0.0.0, Culture=neutral, PublicKeyToken=30ad4fe6b2a6aeed
 (Fully-specified)
日志: Appbase = file:///I:/project/Suretom.Client/Suretom.Client.UI/bin/Debug/
日志: 初始 PrivatePath = NULL
调用程序集: Suretom.Client.Data, Version=1.0.0.0, Culture=neutral, PublicKeyToken=null。
===
日志: 此绑定从 default 加载上下文开始。
日志: 正在使用应用程序配置文件: I:\project\Suretom.Client\Suretom.Client.UI\bin\Debug\Suretom.Client.UI.exe.Config
日志: 使用主机配置文件: 
日志: 使用 C:\Windows\Microsoft.NET\Framework\v4.0.30319\config\machine.config 的计算机配置文件。
日志: 策略后引用: Newtonsoft.Json, Version=13.0.0.0, Culture=neutral, PublicKeyToken=30ad4fe6b2a6aeed
日志: 尝试下载新的 URL file:///I:/project/Suretom.Client/Suretom.Client.UI/bin/Debug/Newtonsoft.Json.DLL。
警告: 比较程序集名称时发生不匹配: 主版本
错误: 未能完成程序集的安装(hr = 0x80131040)。探测终止。

2022-04-09 21:34:46.3132--Error 【Suretom.Client.UI.Login.btnLogin_Click】 Autofac.Core.DependencyResolutionException: An exception was thrown while activating Suretom.Client.Service.LoginService. ---> Autofac.Core.DependencyResolutionException: An exception was thrown while invoking the constructor 'Void .ctor()' on type 'LoginService'. ---> Suretom.Client.Common.CtbException: 未设置接口地址
   在 Suretom.Client.Common.GlobalContext.get_ClientApiUrl() 位置 I:\project\Suretom.Client\Suretom.Client.Common\GlobalContext.cs:行号 271
   在 Suretom.Client.Common.ServiceBase..ctor() 位置 I:\project\Suretom.Client\Suretom.Client.Common\Services\ServiceBase.cs:行号 31
   在 Suretom.Client.Service.LoginService..ctor() 位置 I:\project\Suretom.Client\Suretom.Client.Service\Login\LoginService.cs:行号 13
   在 lambda_method(Closure , Object[] )
   在 Autofac.Core.Activators.Reflection.BoundConstructor.Instantiate() 位置 /_/src/Autofac/Core/Activators/Reflection/BoundConstructor.cs:行号 111
   --- 内部异常堆栈跟踪的结尾 ---
   在 Autofac.Core.Activators.Reflection.BoundConstructor.Instantiate() 位置 /_/src/Autofac/Core/Activators/Reflection/BoundConstructor.cs:行号 119
   在 Autofac.Core.Activators.Reflection.ReflectionActivator.ActivateInstance(IComponentContext context, IEnumerable`1 parameters) 位置 /_/src/Autofac/Core/Activators/Reflection/ReflectionActivator.cs:行号 134
   在 Autofac.Core.Activators.Reflection.ReflectionActivator.<ConfigurePipeline>b__11_0(ResolveRequestContext ctxt, Action`1 next) 位置 /_/src/Autofac/Core/Activators/Reflection/ReflectionActivator.cs:行号 104
   在 Autofac.Core.Resolving.Middleware.DelegateMiddleware.Execute(ResolveRequestContext context, Action`1 next) 位置 /_/src/Autofac/Core/Resolving/Middleware/DelegateMiddleware.cs:行号 36
   在 Autofac.Core.Resolving.Pipeline.ResolvePipelineBuilder.<>c__DisplayClass14_0.<BuildPipeline>b__1(ResolveRequestContext ctxt) 位置 /_/src/Autofac/Core/Resolving/Pipeline/ResolvePipelineBuilder.cs:行号 279
   在 Autofac.Core.Resolving.Middleware.DisposalTrackingMiddleware.Execute(ResolveRequestContext context, Action`1 next) 位置 /_/src/Autofac/Core/Resolving/Middleware/DisposalTrackingMiddleware.cs:行号 30
   在 Autofac.Core.Resolving.Pipeline.ResolvePipelineBuilder.<>c__DisplayClass14_0.<BuildPipeline>b__1(ResolveRequestContext ctxt) 位置 /_/src/Autofac/Core/Resolving/Pipeline/ResolvePipelineBuilder.cs:行号 279
   在 Autofac.Core.Resolving.Middleware.ActivatorErrorHandlingMiddleware.Execute(ResolveRequestContext context, Action`1 next) 位置 /_/src/Autofac/Core/Resolving/Middleware/ActivatorErrorHandlingMiddleware.cs:行号 34
   --- 内部异常堆栈跟踪的结尾 ---
   在 Autofac.Core.Resolving.Middleware.ActivatorErrorHandlingMiddleware.Execute(ResolveRequestContext context, Action`1 next) 位置 /_/src/Autofac/Core/Resolving/Middleware/ActivatorErrorHandlingMiddleware.cs:行号 48
   在 Autofac.Core.Resolving.Pipeline.ResolvePipelineBuilder.<>c__DisplayClass14_0.<BuildPipeline>b__1(ResolveRequestContext ctxt) 位置 /_/src/Autofac/Core/Resolving/Pipeline/ResolvePipelineBuilder.cs:行号 279
   在 Autofac.Core.Pipeline.ResolvePipeline.Invoke(ResolveRequestContext ctxt) 位置 /_/src/Autofac/Core/Resolving/ResolvePipeline.cs:行号 29
   在 Autofac.Core.Resolving.Middleware.RegistrationPipelineInvokeMiddleware.Execute(ResolveRequestContext context, Action`1 next) 位置 /_/src/Autofac/Core/Resolving/Middleware/RegistrationPipelineInvokeMiddleware.cs:行号 29
   在 Autofac.Core.Resolving.Pipeline.ResolvePipelineBuilder.<>c__DisplayClass14_0.<BuildPipeline>b__1(ResolveRequestContext ctxt) 位置 /_/src/Autofac/Core/Resolving/Pipeline/ResolvePipelineBuilder.cs:行号 279
   在 Autofac.Core.Resolving.Middleware.SharingMiddleware.<>c__DisplayClass5_0.<Execute>b__0() 位置 /_/src/Autofac/Core/Resolving/Middleware/SharingMiddleware.cs:行号 43
   在 Autofac.Core.Lifetime.LifetimeScope.CreateSharedInstance(Guid id, Func`1 creator) 位置 /_/src/Autofac/Core/Lifetime/LifetimeScope.cs:行号 319
   在 Autofac.Core.Lifetime.LifetimeScope.CreateSharedInstance(Guid primaryId, Nullable`1 qualifyingId, Func`1 creator) 位置 /_/src/Autofac/Core/Lifetime/LifetimeScope.cs:行号 341
   在 Autofac.Core.Resolving.Middleware.SharingMiddleware.Execute(ResolveRequestContext context, Action`1 next) 位置 /_/src/Autofac/Core/Resolving/Middleware/SharingMiddleware.cs:行号 41
   在 Autofac.Core.Resolving.Pipeline.ResolvePipelineBuilder.<>c__DisplayClass14_0.<BuildPipeline>b__1(ResolveRequestContext ctxt) 位置 /_/src/Autofac/Core/Resolving/Pipeline/ResolvePipelineBuilder.cs:行号 279
   在 Autofac.Core.Resolving.Middleware.ScopeSelectionMiddleware.Execute(ResolveRequestContext context, Action`1 next) 位置 /_/src/Autofac/Core/Resolving/Middleware/ScopeSelectionMiddleware.cs:行号 49
   在 Autofac.Core.Resolving.Pipeline.ResolvePipelineBuilder.<>c__DisplayClass14_0.<BuildPipeline>b__1(ResolveRequestContext ctxt) 位置 /_/src/Autofac/Core/Resolving/Pipeline/ResolvePipelineBuilder.cs:行号 279
   在 Autofac.Core.Resolving.Middleware.CircularDependencyDetectorMiddleware.Execute(ResolveRequestContext context, Action`1 next) 位置 /_/src/Autofac/Core/Resolving/Middleware/CircularDependencyDetectorMiddleware.cs:行号 94
   在 Autofac.Core.Resolving.Pipeline.ResolvePipelineBuilder.<>c__DisplayClass14_0.<BuildPipeline>b__1(ResolveRequestContext ctxt) 位置 /_/src/Autofac/Core/Resolving/Pipeline/ResolvePipelineBuilder.cs:行号 279
   在 Autofac.Core.Pipeline.ResolvePipeline.Invoke(ResolveRequestContext ctxt) 位置 /_/src/Autofac/Core/Resolving/ResolvePipeline.cs:行号 29
   在 Autofac.Core.Resolving.ResolveOperation.GetOrCreateInstance(ISharingLifetimeScope currentOperationScope, ResolveRequest request) 位置 /_/src/Autofac/Core/Resolving/ResolveOperation.cs:行号 150
   在 Autofac.Core.Resolving.ResolveOperation.ExecuteOperation(ResolveRequest request) 位置 /_/src/Autofac/Core/Resolving/ResolveOperation.cs:行号 207
   在 Autofac.Core.Lifetime.LifetimeScope.ResolveComponent(ResolveRequest request) 位置 /_/src/Autofac/Core/Lifetime/LifetimeScope.cs:行号 290
   在 Autofac.Core.Container.ResolveComponent(ResolveRequest request) 位置 /_/src/Autofac/Core/Container.cs:行号 131
   在 Autofac.ResolutionExtensions.TryResolveService(IComponentContext context, Service service, IEnumerable`1 parameters, Object& instance) 位置 /_/src/Autofac/ResolutionExtensions.cs:行号 1113
   在 Autofac.ResolutionExtensions.ResolveService(IComponentContext context, Service service, IEnumerable`1 parameters) 位置 /_/src/Autofac/ResolutionExtensions.cs:行号 871
   在 Autofac.ResolutionExtensions.Resolve[TService](IComponentContext context, IEnumerable`1 parameters) 位置 /_/src/Autofac/ResolutionExtensions.cs:行号 294
   在 Autofac.ResolutionExtensions.Resolve[TService](IComponentContext context) 位置 /_/src/Autofac/ResolutionExtensions.cs:行号 277
   在 Suretom.Client.Common.ContainerManager.Resolve[T](String key, ILifetimeScope scope) 位置 I:\project\Suretom.Client\Suretom.Client.Common\Ioc\ContainerManager.cs:行号 51
   在 Suretom.Client.Common.GlobalContext.Resolve[T](ILifetimeScope scope) 位置 I:\project\Suretom.Client\Suretom.Client.Common\GlobalContext.cs:行号 120
   在 Suretom.Client.UI.Login.btnLogin_Click(Object sender, RoutedEventArgs e) 位置 I:\project\Suretom.Client\Suretom.Client.UI\Login.xaml.cs:行号 72 Autofac.Core.DependencyResolutionException: An exception was thrown while activating Suretom.Client.Service.LoginService. ---> Autofac.Core.DependencyResolutionException: An exception was thrown while invoking the constructor 'Void .ctor()' on type 'LoginService'. ---> Suretom.Client.Common.CtbException: 未设置接口地址
   在 Suretom.Client.Common.GlobalContext.get_ClientApiUrl() 位置 I:\project\Suretom.Client\Suretom.Client.Common\GlobalContext.cs:行号 271
   在 Suretom.Client.Common.ServiceBase..ctor() 位置 I:\project\Suretom.Client\Suretom.Client.Common\Services\ServiceBase.cs:行号 31
   在 Suretom.Client.Service.LoginService..ctor() 位置 I:\project\Suretom.Client\Suretom.Client.Service\Login\LoginService.cs:行号 13
   在 lambda_method(Closure , Object[] )
   在 Autofac.Core.Activators.Reflection.BoundConstructor.Instantiate() 位置 /_/src/Autofac/Core/Activators/Reflection/BoundConstructor.cs:行号 111
   --- 内部异常堆栈跟踪的结尾 ---
   在 Autofac.Core.Activators.Reflection.BoundConstructor.Instantiate() 位置 /_/src/Autofac/Core/Activators/Reflection/BoundConstructor.cs:行号 119
   在 Autofac.Core.Activators.Reflection.ReflectionActivator.ActivateInstance(IComponentContext context, IEnumerable`1 parameters) 位置 /_/src/Autofac/Core/Activators/Reflection/ReflectionActivator.cs:行号 134
   在 Autofac.Core.Activators.Reflection.ReflectionActivator.<ConfigurePipeline>b__11_0(ResolveRequestContext ctxt, Action`1 next) 位置 /_/src/Autofac/Core/Activators/Reflection/ReflectionActivator.cs:行号 104
   在 Autofac.Core.Resolving.Middleware.DelegateMiddleware.Execute(ResolveRequestContext context, Action`1 next) 位置 /_/src/Autofac/Core/Resolving/Middleware/DelegateMiddleware.cs:行号 36
   在 Autofac.Core.Resolving.Pipeline.ResolvePipelineBuilder.<>c__DisplayClass14_0.<BuildPipeline>b__1(ResolveRequestContext ctxt) 位置 /_/src/Autofac/Core/Resolving/Pipeline/ResolvePipelineBuilder.cs:行号 279
   在 Autofac.Core.Resolving.Middleware.DisposalTrackingMiddleware.Execute(ResolveRequestContext context, Action`1 next) 位置 /_/src/Autofac/Core/Resolving/Middleware/DisposalTrackingMiddleware.cs:行号 30
   在 Autofac.Core.Resolving.Pipeline.ResolvePipelineBuilder.<>c__DisplayClass14_0.<BuildPipeline>b__1(ResolveRequestContext ctxt) 位置 /_/src/Autofac/Core/Resolving/Pipeline/ResolvePipelineBuilder.cs:行号 279
   在 Autofac.Core.Resolving.Middleware.ActivatorErrorHandlingMiddleware.Execute(ResolveRequestContext context, Action`1 next) 位置 /_/src/Autofac/Core/Resolving/Middleware/ActivatorErrorHandlingMiddleware.cs:行号 34
   --- 内部异常堆栈跟踪的结尾 ---
   在 Autofac.Core.Resolving.Middleware.ActivatorErrorHandlingMiddleware.Execute(ResolveRequestContext context, Action`1 next) 位置 /_/src/Autofac/Core/Resolving/Middleware/ActivatorErrorHandlingMiddleware.cs:行号 48
   在 Autofac.Core.Resolving.Pipeline.ResolvePipelineBuilder.<>c__DisplayClass14_0.<BuildPipeline>b__1(ResolveRequestContext ctxt) 位置 /_/src/Autofac/Core/Resolving/Pipeline/ResolvePipelineBuilder.cs:行号 279
   在 Autofac.Core.Pipeline.ResolvePipeline.Invoke(ResolveRequestContext ctxt) 位置 /_/src/Autofac/Core/Resolving/ResolvePipeline.cs:行号 29
   在 Autofac.Core.Resolving.Middleware.RegistrationPipelineInvokeMiddleware.Execute(ResolveRequestContext context, Action`1 next) 位置 /_/src/Autofac/Core/Resolving/Middleware/RegistrationPipelineInvokeMiddleware.cs:行号 29
   在 Autofac.Core.Resolving.Pipeline.ResolvePipelineBuilder.<>c__DisplayClass14_0.<BuildPipeline>b__1(ResolveRequestContext ctxt) 位置 /_/src/Autofac/Core/Resolving/Pipeline/ResolvePipelineBuilder.cs:行号 279
   在 Autofac.Core.Resolving.Middleware.SharingMiddleware.<>c__DisplayClass5_0.<Execute>b__0() 位置 /_/src/Autofac/Core/Resolving/Middleware/SharingMiddleware.cs:行号 43
   在 Autofac.Core.Lifetime.LifetimeScope.CreateSharedInstance(Guid id, Func`1 creator) 位置 /_/src/Autofac/Core/Lifetime/LifetimeScope.cs:行号 319
   在 Autofac.Core.Lifetime.LifetimeScope.CreateSharedInstance(Guid primaryId, Nullable`1 qualifyingId, Func`1 creator) 位置 /_/src/Autofac/Core/Lifetime/LifetimeScope.cs:行号 341
   在 Autofac.Core.Resolving.Middleware.SharingMiddleware.Execute(ResolveRequestContext context, Action`1 next) 位置 /_/src/Autofac/Core/Resolving/Middleware/SharingMiddleware.cs:行号 41
   在 Autofac.Core.Resolving.Pipeline.ResolvePipelineBuilder.<>c__DisplayClass14_0.<BuildPipeline>b__1(ResolveRequestContext ctxt) 位置 /_/src/Autofac/Core/Resolving/Pipeline/ResolvePipelineBuilder.cs:行号 279
   在 Autofac.Core.Resolving.Middleware.ScopeSelectionMiddleware.Execute(ResolveRequestContext context, Action`1 next) 位置 /_/src/Autofac/Core/Resolving/Middleware/ScopeSelectionMiddleware.cs:行号 49
   在 Autofac.Core.Resolving.Pipeline.ResolvePipelineBuilder.<>c__DisplayClass14_0.<BuildPipeline>b__1(ResolveRequestContext ctxt) 位置 /_/src/Autofac/Core/Resolving/Pipeline/ResolvePipelineBuilder.cs:行号 279
   在 Autofac.Core.Resolving.Middleware.CircularDependencyDetectorMiddleware.Execute(ResolveRequestContext context, Action`1 next) 位置 /_/src/Autofac/Core/Resolving/Middleware/CircularDependencyDetectorMiddleware.cs:行号 94
   在 Autofac.Core.Resolving.Pipeline.ResolvePipelineBuilder.<>c__DisplayClass14_0.<BuildPipeline>b__1(ResolveRequestContext ctxt) 位置 /_/src/Autofac/Core/Resolving/Pipeline/ResolvePipelineBuilder.cs:行号 279
   在 Autofac.Core.Pipeline.ResolvePipeline.Invoke(ResolveRequestContext ctxt) 位置 /_/src/Autofac/Core/Resolving/ResolvePipeline.cs:行号 29
   在 Autofac.Core.Resolving.ResolveOperation.GetOrCreateInstance(ISharingLifetimeScope currentOperationScope, ResolveRequest request) 位置 /_/src/Autofac/Core/Resolving/ResolveOperation.cs:行号 150
   在 Autofac.Core.Resolving.ResolveOperation.ExecuteOperation(ResolveRequest request) 位置 /_/src/Autofac/Core/Resolving/ResolveOperation.cs:行号 207
   在 Autofac.Core.Lifetime.LifetimeScope.ResolveComponent(ResolveRequest request) 位置 /_/src/Autofac/Core/Lifetime/LifetimeScope.cs:行号 290
   在 Autofac.Core.Container.ResolveComponent(ResolveRequest request) 位置 /_/src/Autofac/Core/Container.cs:行号 131
   在 Autofac.ResolutionExtensions.TryResolveService(IComponentContext context, Service service, IEnumerable`1 parameters, Object& instance) 位置 /_/src/Autofac/ResolutionExtensions.cs:行号 1113
   在 Autofac.ResolutionExtensions.ResolveService(IComponentContext context, Service service, IEnumerable`1 parameters) 位置 /_/src/Autofac/ResolutionExtensions.cs:行号 871
   在 Autofac.ResolutionExtensions.Resolve[TService](IComponentContext context, IEnumerable`1 parameters) 位置 /_/src/Autofac/ResolutionExtensions.cs:行号 294
   在 Autofac.ResolutionExtensions.Resolve[TService](IComponentContext context) 位置 /_/src/Autofac/ResolutionExtensions.cs:行号 277
   在 Suretom.Client.Common.ContainerManager.Resolve[T](String key, ILifetimeScope scope) 位置 I:\project\Suretom.Client\Suretom.Client.Common\Ioc\ContainerManager.cs:行号 51
   在 Suretom.Client.Common.GlobalContext.Resolve[T](ILifetimeScope scope) 位置 I:\project\Suretom.Client\Suretom.Client.Common\GlobalContext.cs:行号 120
   在 Suretom.Client.UI.Login.btnLogin_Click(Object sender, RoutedEventArgs e) 位置 I:\project\Suretom.Client\Suretom.Client.UI\Login.xaml.cs:行号 72 ActivatorChain: Suretom.Client.Service.LoginService
2022-04-09 21:52:15.8774--Error 【Suretom.Client.UI.Pages.Demo.DemoWin.UserControl_Loaded】 System.FormatException: 该字符串未被识别为有效的 DateTime。
   在 System.DateTimeParse.Parse(String s, DateTimeFormatInfo dtfi, DateTimeStyles styles)
   在 System.DateTime.Parse(String s)
   在 Suretom.Client.Data.DemoData.<>c.<GetCourseList>b__5_0(CourseDto courseInfo) 位置 I:\project\Suretom.Client\Suretom.Client.Data\DemoData.cs:行号 60
   在 System.Collections.Generic.List`1.ForEach(Action`1 action)
   在 Suretom.Client.Data.DemoData.GetCourseList() 位置 I:\project\Suretom.Client\Suretom.Client.Data\DemoData.cs:行号 58
   在 Suretom.Client.UI.Pages.Demo.DemoWin.UserControl_Loaded(Object sender, RoutedEventArgs e) 位置 I:\project\Suretom.Client\Suretom.Client.UI\Pages\Demo\DemoWin.xaml.cs:行号 99 System.FormatException: 该字符串未被识别为有效的 DateTime。
   在 System.DateTimeParse.Parse(String s, DateTimeFormatInfo dtfi, DateTimeStyles styles)
   在 System.DateTime.Parse(String s)
   在 Suretom.Client.Data.DemoData.<>c.<GetCourseList>b__5_0(CourseDto courseInfo) 位置 I:\project\Suretom.Client\Suretom.Client.Data\DemoData.cs:行号 60
   在 System.Collections.Generic.List`1.ForEach(Action`1 action)
   在 Suretom.Client.Data.DemoData.GetCourseList() 位置 I:\project\Suretom.Client\Suretom.Client.Data\DemoData.cs:行号 58
   在 Suretom.Client.UI.Pages.Demo.DemoWin.UserControl_Loaded(Object sender, RoutedEventArgs e) 位置 I:\project\Suretom.Client\Suretom.Client.UI\Pages\Demo\DemoWin.xaml.cs:行号 99
